[22:03:49.620][info] [#0:/home/vish/.local/share/nvim/mason/packages/lua-language-server/libexec/main.lua:68]: Lua Lsp startup, root: 	/home/vish/.local/share/nvim/mason/packages/lua-language-server/libexec
[22:03:49.620][info] [#0:/home/vish/.local/share/nvim/mason/packages/lua-language-server/libexec/main.lua:69]: ROOT:	/home/vish/.local/share/nvim/mason/packages/lua-language-server/libexec
[22:03:49.620][info] [#0:/home/vish/.local/share/nvim/mason/packages/lua-language-server/libexec/main.lua:70]: LOGPATH:	/home/vish/.local/share/nvim/mason/packages/lua-language-server/libexec/log
[22:03:49.620][info] [#0:/home/vish/.local/share/nvim/mason/packages/lua-language-server/libexec/main.lua:71]: METAPATH:	/home/vish/.local/share/nvim/mason/packages/lua-language-server/libexec/meta
[22:03:49.621][info] [#0:/home/vish/.local/share/nvim/mason/packages/lua-language-server/libexec/main.lua:72]: VERSION:	3.13.9
[22:03:49.664][info] [#0:script/proto/proto.lua:260]: Listen Mode: stdio
[22:03:49.664][info] [#0:script/service/service.lua:145]: 
========= Medical Examination Report =========
    --------------- Memory ---------------
        Total: 2.258 MB
        # 00 : 2.257 MB
        # 01 : 0.000 MB
        # 02 : 0.000 MB
        # 03 : 0.000 MB
        # 04 : 0.000 MB
    --------------- Coroutine ---------------
        Total:     0
        Running:   0
        Suspended: 0
        Normal:    0
        Dead:      0
    --------------- Cache ---------------
        Total: 1
        Dead:  0
    ---------------  RPC  ---------------
        Holdon:   0
        Waiting:  0
==============================================
[22:03:49.773][info] [#0:script/client.lua:657]: Client init	{
  capabilities = {
    general = {
      positionEncodings = { "utf-8", "utf-16", "utf-32" }
    },
    textDocument = {
      callHierarchy = {
        dynamicRegistration = false
      },
      codeAction = {
        codeActionLiteralSupport = {
          codeActionKind = {
            valueSet = { "", "quickfix", "refactor", "refactor.extract", "refactor.inline", "refactor.rewrite", "source", "source.organizeImports" }
          }
        },
        dataSupport = true,
        dynamicRegistration = true,
        isPreferredSupport = true,
        resolveSupport = {
          properties = { "edit", "command" }
        }
      },
      codeLens = {
        dynamicRegistration = false,
        resolveSupport = {
          properties = { "command" }
        }
      },
      completion = {
        completionItem = {
          commitCharactersSupport = false,
          deprecatedSupport = true,
          documentationFormat = { "markdown", "plaintext" },
          insertReplaceSupport = true,
          insertTextModeSupport = {
            valueSet = { 1 }
          },
          labelDetailsSupport = true,
          preselectSupport = false,
          resolveSupport = {
            properties = { "documentation", "detail", "additionalTextEdits", "command", "data" }
          },
          snippetSupport = true,
          tagSupport = {
            valueSet = { 1 }
          }
        },
        completionItemKind = {
          valueSet = { 1, 2, 3, 4, 5, 6, 7, 8, 9, 10, 11, 12, 13, 14, 15, 16, 17, 18, 19, 20, 21, 22, 23, 24, 25 }
        },
        completionList = {
          itemDefaults = { "commitCharacters", "editRange", "insertTextFormat", "insertTextMode", "data" }
        },
        contextSupport = true,
        dynamicRegistration = false,
        insertTextMode = 1
      },
      declaration = {
        linkSupport = true
      },
      definition = {
        dynamicRegistration = true,
        linkSupport = true
      },
      diagnostic = {
        dynamicRegistration = false
      },
      documentHighlight = {
        dynamicRegistration = false
      },
      documentSymbol = {
        dynamicRegistration = false,
        hierarchicalDocumentSymbolSupport = true,
        symbolKind = {
          valueSet = { 1, 2, 3, 4, 5, 6, 7, 8, 9, 10, 11, 12, 13, 14, 15, 16, 17, 18, 19, 20, 21, 22, 23, 24, 25, 26 }
        }
      },
      foldingRange = {
        dynamicRegistration = false,
        foldingRange = {
          collapsedText = true
        },
        lineFoldingOnly = true
      },
      formatting = {
        dynamicRegistration = true
      },
      hover = {
        contentFormat = { "markdown", "plaintext" },
        dynamicRegistration = true
      },
      implementation = {
        linkSupport = true
      },
      inlayHint = {
        dynamicRegistration = true,
        resolveSupport = {
          properties = { "textEdits", "tooltip", "location", "command" }
        }
      },
      publishDiagnostics = {
        dataSupport = true,
        relatedInformation = true,
        tagSupport = {
          valueSet = { 1, 2 }
        }
      },
      rangeFormatting = {
        dynamicRegistration = true,
        rangesSupport = true
      },
      references = {
        dynamicRegistration = false
      },
      rename = {
        dynamicRegistration = true,
        prepareSupport = true
      },
      semanticTokens = {
        augmentsSyntaxTokens = true,
        dynamicRegistration = false,
        formats = { "relative" },
        multilineTokenSupport = false,
        overlappingTokenSupport = true,
        requests = {
          full = {
            delta = true
          },
          range = false
        },
        serverCancelSupport = false,
        tokenModifiers = { "declaration", "definition", "readonly", "static", "deprecated", "abstract", "async", "modification", "documentation", "defaultLibrary" },
        tokenTypes = { "namespace", "type", "class", "enum", "interface", "struct", "typeParameter", "parameter", "variable", "property", "enumMember", "event", "function", "method", "macro", "keyword", "modifier", "comment", "string", "number", "regexp", "operator", "decorator" }
      },
      signatureHelp = {
        dynamicRegistration = false,
        signatureInformation = {
          activeParameterSupport = true,
          documentationFormat = { "markdown", "plaintext" },
          parameterInformation = {
            labelOffsetSupport = true
          }
        }
      },
      synchronization = {
        didSave = true,
        dynamicRegistration = false,
        willSave = true,
        willSaveWaitUntil = true
      },
      typeDefinition = {
        linkSupport = true
      }
    },
    window = {
      showDocument = {
        support = true
      },
      showMessage = {
        messageActionItem = {
          additionalPropertiesSupport = true
        }
      },
      workDoneProgress = true
    },
    workspace = {
      applyEdit = true,
      configuration = true,
      didChangeConfiguration = {
        dynamicRegistration = false
      },
      didChangeWatchedFiles = {
        dynamicRegistration = false,
        relativePatternSupport = true
      },
      fileOperations = {
        didRename = true,
        willRename = true
      },
      inlayHint = {
        refreshSupport = true
      },
      semanticTokens = {
        refreshSupport = true
      },
      symbol = {
        dynamicRegistration = false,
        symbolKind = {
          valueSet = { 1, 2, 3, 4, 5, 6, 7, 8, 9, 10, 11, 12, 13, 14, 15, 16, 17, 18, 19, 20, 21, 22, 23, 24, 25, 26 }
        }
      },
      workspaceEdit = {
        resourceOperations = { "rename", "create", "delete" }
      },
      workspaceFolders = true
    }
  },
  clientInfo = {
    name = "Neovim",
    version = "0.11.0-dev+gc982608226"
  },
  initializationOptions = {},
  processId = 83546,
  rootPath = "/mnt/c/Users/vishw/.config",
  rootUri = "file:///mnt/c/Users/vishw/.config",
  trace = "off",
  workDoneToken = "1",
  workspaceFolders = { {
      name = "/mnt/c/Users/vishw/.config",
      uri = "file:///mnt/c/Users/vishw/.config"
    } }
}
[22:03:49.773][info] [#0:script/language.lua:137]: VSC language: nil
[22:03:49.773][info] [#0:script/language.lua:138]: LS  language: en-us
[22:03:49.773][info] [#0:script/workspace/workspace.lua:38]: Workspace init root: 	file:///mnt/c/Users/vishw/.config
[22:03:49.773][info] [#0:script/workspace/workspace.lua:42]: Log path: 	/home/vish/.local/share/nvim/mason/packages/lua-language-server/libexec/log/file_mnt_c_Users_vishw_.config.log
[22:03:49.774][info] [#0:script/workspace/workspace.lua:48]: Workspace create: 	file:///mnt/c/Users/vishw/.config
[22:03:50.077][info] [#0:script/provider/provider.lua:49]: Load config from client	file:///mnt/c/Users/vishw/.config
[22:03:50.077][info] [#0:script/provider/provider.lua:50]: {
  Lua = {
    codeLens = {
      enable = true
    },
    completion = {
      callSnippet = "Replace"
    },
    doc = {
      privateName = { "^_" }
    },
    hint = {
      arrayIndex = "Disable",
      enable = true,
      paramName = "Disable",
      paramType = true,
      semicolon = "Disable",
      setType = false
    },
    runtime = {
      path = { "?.lua", "?/init.lua" },
      pathStrict = true,
      version = "LuaJIT"
    },
    workspace = {
      checkThirdParty = false,
      ignoreDir = { "/lua" },
      library = { "/usr/local/share/nvim/runtime/lua" }
    }
  }
}
[22:03:50.078][info] [#0:script/provider/provider.lua:49]: Load config from client	file:///mnt/c/Users/vishw/.config
[22:03:50.078][info] [#0:script/provider/provider.lua:50]: {
  Lua = {
    codeLens = {
      enable = true
    },
    completion = {
      callSnippet = "Replace"
    },
    doc = {
      privateName = { "^_" }
    },
    hint = {
      arrayIndex = "Disable",
      enable = true,
      paramName = "Disable",
      paramType = true,
      semicolon = "Disable",
      setType = false
    },
    runtime = {
      path = { "?.lua", "?/init.lua" },
      pathStrict = true,
      version = "LuaJIT"
    },
    workspace = {
      checkThirdParty = false,
      ignoreDir = { "/lua" },
      library = { "/usr/local/share/nvim/runtime/lua" }
    }
  }
}
[22:03:50.079][info] [#0:script/provider/provider.lua:49]: Load config from client	file:///mnt/c/Users/vishw/.config
[22:03:50.079][info] [#0:script/provider/provider.lua:50]: {
  Lua = {
    codeLens = {
      enable = true
    },
    completion = {
      callSnippet = "Replace"
    },
    doc = {
      privateName = { "^_" }
    },
    hint = {
      arrayIndex = "Disable",
      enable = true,
      paramName = "Disable",
      paramType = true,
      semicolon = "Disable",
      setType = false
    },
    runtime = {
      path = { "?.lua", "?/init.lua" },
      pathStrict = true,
      version = "LuaJIT"
    },
    workspace = {
      checkThirdParty = false,
      ignoreDir = { "/lua" },
      library = { "/usr/local/share/nvim/runtime/lua" }
    }
  }
}
[22:03:50.080][warn] [#0:script/config/loader.lua:116]: No config?	{}
[22:03:50.080][info] [#0:script/provider/provider.lua:65]: Load config from client	fallback
[22:03:50.080][info] [#0:script/provider/provider.lua:66]: nil
[22:03:50.080][warn] [#0:script/config/loader.lua:116]: No config?	{}
[22:03:50.080][info] [#0:script/provider/provider.lua:65]: Load config from client	fallback
[22:03:50.080][info] [#0:script/provider/provider.lua:66]: nil
[22:03:50.080][warn] [#0:script/config/loader.lua:116]: No config?	{}
[22:03:50.080][info] [#0:script/provider/provider.lua:65]: Load config from client	fallback
[22:03:50.080][info] [#0:script/provider/provider.lua:66]: nil
[22:03:50.195][info] [#0:script/library.lua:212]: Init builtin library at:	file:///mnt/c/Users/vishw/.config
[22:03:50.214][info] [#0:script/library.lua:212]: Init builtin library at:	nil
[22:03:50.330][info] [#0:script/workspace/workspace.lua:324]: Preload start:	file:///mnt/c/Users/vishw/.config
[22:03:50.338][info] [#0:script/workspace/workspace.lua:330]: Scan files at:	file:///mnt/c/Users/vishw/.config
[22:03:50.360][info] [#0:script/workspace/workspace.lua:324]: Preload start:	<fallback>
[22:03:50.362][info] [#0:script/workspace/workspace.lua:353]: Scan library at:	file:///home/vish/.local/share/nvim/mason/packages/lua-language-server/libexec/meta/Lua%205.4%20en-us%20utf8/debug.lua
[22:03:50.367][info] [#0:script/workspace/workspace.lua:353]: Scan library at:	file:///home/vish/.local/share/nvim/mason/packages/lua-language-server/libexec/meta/Lua%205.4%20en-us%20utf8/math.lua
[22:03:50.376][info] [#0:script/workspace/workspace.lua:353]: Scan library at:	file:///home/vish/.local/share/nvim/mason/packages/lua-language-server/libexec/meta/Lua%205.4%20en-us%20utf8/table.lua
[22:03:50.376][info] [#0:script/workspace/workspace.lua:353]: Scan library at:	file:///home/vish/.local/share/nvim/mason/packages/lua-language-server/libexec/meta/Lua%205.4%20en-us%20utf8/os.lua
[22:03:50.377][info] [#0:script/workspace/workspace.lua:353]: Scan library at:	file:///home/vish/.local/share/nvim/mason/packages/lua-language-server/libexec/meta/Lua%205.4%20en-us%20utf8/utf8.lua
[22:03:50.377][info] [#0:script/workspace/workspace.lua:353]: Scan library at:	file:///home/vish/.local/share/nvim/mason/packages/lua-language-server/libexec/meta/Lua%205.4%20en-us%20utf8/io.lua
[22:03:50.377][info] [#0:script/workspace/workspace.lua:353]: Scan library at:	file:///usr/local/share/nvim/runtime/lua
[22:03:50.383][info] [#0:script/workspace/workspace.lua:353]: Scan library at:	file:///home/vish/.local/share/nvim/mason/packages/lua-language-server/libexec/meta/Lua%205.4%20en-us%20utf8/coroutine.lua
[22:03:50.383][info] [#0:script/workspace/workspace.lua:353]: Scan library at:	file:///home/vish/.local/share/nvim/mason/packages/lua-language-server/libexec/meta/Lua%205.4%20en-us%20utf8/builtin.lua
[22:03:50.384][info] [#0:script/workspace/workspace.lua:353]: Scan library at:	file:///home/vish/.local/share/nvim/mason/packages/lua-language-server/libexec/meta/Lua%205.4%20en-us%20utf8/package.lua
[22:03:50.384][info] [#0:script/workspace/workspace.lua:353]: Scan library at:	file:///home/vish/.local/share/nvim/mason/packages/lua-language-server/libexec/meta/Lua%205.4%20en-us%20utf8/basic.lua
[22:03:50.385][info] [#0:script/workspace/workspace.lua:353]: Scan library at:	file:///home/vish/.local/share/nvim/mason/packages/lua-language-server/libexec/meta/Lua%205.4%20en-us%20utf8/string.lua
[22:03:50.402][info] [#0:script/workspace/workspace.lua:353]: Scan library at:	file:///home/vish/.local/share/nvim/mason/packages/lua-language-server/libexec/meta/LuaJIT%20en-us%20utf8/bit.lua
[22:03:50.402][info] [#0:script/workspace/workspace.lua:353]: Scan library at:	file:///home/vish/.local/share/nvim/mason/packages/lua-language-server/libexec/meta/LuaJIT%20en-us%20utf8/jit/util.lua
[22:03:50.403][info] [#0:script/workspace/workspace.lua:353]: Scan library at:	file:///home/vish/.local/share/nvim/mason/packages/lua-language-server/libexec/meta/LuaJIT%20en-us%20utf8/jit/profile.lua
[22:03:50.403][info] [#0:script/workspace/workspace.lua:353]: Scan library at:	file:///home/vish/.local/share/nvim/mason/packages/lua-language-server/libexec/meta/LuaJIT%20en-us%20utf8/coroutine.lua
[22:03:50.403][info] [#0:script/workspace/workspace.lua:353]: Scan library at:	file:///home/vish/.local/share/nvim/mason/packages/lua-language-server/libexec/meta/LuaJIT%20en-us%20utf8/table.lua
[22:03:50.403][info] [#0:script/workspace/workspace.lua:353]: Scan library at:	file:///home/vish/.local/share/nvim/mason/packages/lua-language-server/libexec/meta/LuaJIT%20en-us%20utf8/builtin.lua
[22:03:50.403][info] [#0:script/workspace/workspace.lua:353]: Scan library at:	file:///home/vish/.local/share/nvim/mason/packages/lua-language-server/libexec/meta/LuaJIT%20en-us%20utf8/io.lua
[22:03:50.404][info] [#0:script/workspace/workspace.lua:353]: Scan library at:	file:///home/vish/.local/share/nvim/mason/packages/lua-language-server/libexec/meta/LuaJIT%20en-us%20utf8/string/buffer.lua
[22:03:50.404][info] [#0:script/workspace/workspace.lua:353]: Scan library at:	file:///home/vish/.local/share/nvim/mason/packages/lua-language-server/libexec/meta/LuaJIT%20en-us%20utf8/package.lua
[22:03:50.404][info] [#0:script/workspace/workspace.lua:353]: Scan library at:	file:///home/vish/.local/share/nvim/mason/packages/lua-language-server/libexec/meta/LuaJIT%20en-us%20utf8/table/new.lua
[22:03:50.404][info] [#0:script/workspace/workspace.lua:353]: Scan library at:	file:///home/vish/.local/share/nvim/mason/packages/lua-language-server/libexec/meta/LuaJIT%20en-us%20utf8/table/clear.lua
[22:03:50.404][info] [#0:script/workspace/workspace.lua:353]: Scan library at:	file:///home/vish/.local/share/nvim/mason/packages/lua-language-server/libexec/meta/LuaJIT%20en-us%20utf8/string.lua
[22:03:50.405][info] [#0:script/workspace/workspace.lua:353]: Scan library at:	file:///home/vish/.local/share/nvim/mason/packages/lua-language-server/libexec/meta/LuaJIT%20en-us%20utf8/debug.lua
[22:03:50.405][info] [#0:script/workspace/workspace.lua:353]: Scan library at:	file:///home/vish/.local/share/nvim/mason/packages/lua-language-server/libexec/meta/LuaJIT%20en-us%20utf8/os.lua
[22:03:50.406][info] [#0:script/workspace/workspace.lua:353]: Scan library at:	file:///home/vish/.local/share/nvim/mason/packages/lua-language-server/libexec/meta/LuaJIT%20en-us%20utf8/jit.lua
[22:03:50.406][info] [#0:script/workspace/workspace.lua:353]: Scan library at:	file:///home/vish/.local/share/nvim/mason/packages/lua-language-server/libexec/meta/LuaJIT%20en-us%20utf8/basic.lua
[22:03:50.406][info] [#0:script/workspace/workspace.lua:353]: Scan library at:	file:///home/vish/.local/share/nvim/mason/packages/lua-language-server/libexec/meta/LuaJIT%20en-us%20utf8/ffi.lua
[22:03:50.406][info] [#0:script/workspace/workspace.lua:353]: Scan library at:	file:///home/vish/.local/share/nvim/mason/packages/lua-language-server/libexec/meta/LuaJIT%20en-us%20utf8/math.lua
[22:03:50.507][info] [#0:script/workspace/workspace.lua:379]: Found 11 files at:	<fallback>
[22:03:50.507][info] [#0:script/workspace/loading.lua:160]: Load files from disk:	<fallback>
[22:03:50.507][info] [#0:script/workspace/workspace.lua:379]: Found 142 files at:	file:///mnt/c/Users/vishw/.config
[22:03:50.507][info] [#0:script/workspace/loading.lua:160]: Load files from disk:	file:///mnt/c/Users/vishw/.config
[22:03:50.508][info] [#0:script/workspace/loading.lua:100]: Preload file at: file:///home/vish/.local/share/nvim/mason/packages/lua-language-server/libexec/meta/Lua%205.4%20en-us%20utf8/string.lua , size = 5.260 KB
[22:03:50.512][info] [#0:script/workspace/loading.lua:112]: ++++As library of:	file:///home/vish/.local/share/nvim/mason/packages/lua-language-server/libexec/meta/Lua%205.4%20en-us%20utf8/string.lua
[22:03:50.512][info] [#0:script/workspace/loading.lua:100]: Preload file at: file:///home/vish/.local/share/nvim/mason/packages/lua-language-server/libexec/meta/Lua%205.4%20en-us%20utf8/basic.lua , size = 15.841 KB
[22:03:50.521][info] [#0:script/workspace/loading.lua:112]: ++++As library of:	file:///home/vish/.local/share/nvim/mason/packages/lua-language-server/libexec/meta/Lua%205.4%20en-us%20utf8/basic.lua
[22:03:50.521][info] [#0:script/workspace/loading.lua:100]: Preload file at: file:///home/vish/.local/share/nvim/mason/packages/lua-language-server/libexec/meta/LuaJIT%20en-us%20utf8/ffi.lua , size = 2.529 KB
[22:03:50.523][info] [#0:script/workspace/loading.lua:112]: ++++As library of:	file:///home/vish/.local/share/nvim/mason/packages/lua-language-server/libexec/meta/LuaJIT%20en-us%20utf8/ffi.lua
[22:03:50.523][info] [#0:script/workspace/loading.lua:100]: Preload file at: file:///home/vish/.local/share/nvim/mason/packages/lua-language-server/libexec/meta/LuaJIT%20en-us%20utf8/math.lua , size = 7.982 KB
[22:03:50.530][info] [#0:script/workspace/loading.lua:112]: ++++As library of:	file:///home/vish/.local/share/nvim/mason/packages/lua-language-server/libexec/meta/LuaJIT%20en-us%20utf8/math.lua
[22:03:50.530][info] [#0:script/workspace/loading.lua:100]: Preload file at: file:///home/vish/.local/share/nvim/mason/packages/lua-language-server/libexec/meta/Lua%205.4%20en-us%20utf8/package.lua , size = 2.944 KB
[22:03:50.532][info] [#0:script/workspace/loading.lua:112]: ++++As library of:	file:///home/vish/.local/share/nvim/mason/packages/lua-language-server/libexec/meta/Lua%205.4%20en-us%20utf8/package.lua
[22:03:50.532][info] [#0:script/workspace/loading.lua:100]: Preload file at: file:///home/vish/.local/share/nvim/mason/packages/lua-language-server/libexec/meta/Lua%205.4%20en-us%20utf8/builtin.lua , size = 0.302 KB
[22:03:50.533][info] [#0:script/workspace/loading.lua:112]: ++++As library of:	file:///home/vish/.local/share/nvim/mason/packages/lua-language-server/libexec/meta/Lua%205.4%20en-us%20utf8/builtin.lua
[22:03:50.533][info] [#0:script/workspace/loading.lua:100]: Preload file at: file:///home/vish/.local/share/nvim/mason/packages/lua-language-server/libexec/meta/LuaJIT%20en-us%20utf8/jit.lua , size = 0.884 KB
[22:03:50.534][info] [#0:script/workspace/loading.lua:112]: ++++As library of:	file:///home/vish/.local/share/nvim/mason/packages/lua-language-server/libexec/meta/LuaJIT%20en-us%20utf8/jit.lua
[22:03:50.534][info] [#0:script/workspace/loading.lua:100]: Preload file at: file:///home/vish/.local/share/nvim/mason/packages/lua-language-server/libexec/meta/LuaJIT%20en-us%20utf8/basic.lua , size = 15.443 KB
[22:03:50.542][info] [#0:script/workspace/loading.lua:112]: ++++As library of:	file:///home/vish/.local/share/nvim/mason/packages/lua-language-server/libexec/meta/LuaJIT%20en-us%20utf8/basic.lua
[22:03:50.543][info] [#0:script/workspace/loading.lua:100]: Preload file at: file:///home/vish/.local/share/nvim/mason/packages/lua-language-server/libexec/meta/Lua%205.4%20en-us%20utf8/coroutine.lua , size = 2.590 KB
[22:03:50.544][info] [#0:script/workspace/loading.lua:112]: ++++As library of:	file:///home/vish/.local/share/nvim/mason/packages/lua-language-server/libexec/meta/Lua%205.4%20en-us%20utf8/coroutine.lua
[22:03:50.544][info] [#0:script/workspace/loading.lua:100]: Preload file at: file:///home/vish/.local/share/nvim/mason/packages/lua-language-server/libexec/meta/LuaJIT%20en-us%20utf8/os.lua , size = 5.611 KB
[22:03:50.550][info] [#0:script/workspace/loading.lua:112]: ++++As library of:	file:///home/vish/.local/share/nvim/mason/packages/lua-language-server/libexec/meta/LuaJIT%20en-us%20utf8/os.lua
[22:03:50.550][info] [#0:script/workspace/loading.lua:100]: Preload file at: file:///home/vish/.local/share/nvim/mason/packages/lua-language-server/libexec/meta/Lua%205.4%20en-us%20utf8/io.lua , size = 6.364 KB
[22:03:50.554][info] [#0:script/workspace/loading.lua:112]: ++++As library of:	file:///home/vish/.local/share/nvim/mason/packages/lua-language-server/libexec/meta/Lua%205.4%20en-us%20utf8/io.lua
[22:03:50.554][info] [#0:script/workspace/loading.lua:100]: Preload file at: file:///home/vish/.local/share/nvim/mason/packages/lua-language-server/libexec/meta/LuaJIT%20en-us%20utf8/debug.lua , size = 7.310 KB
[22:03:50.559][info] [#0:script/workspace/loading.lua:112]: ++++As library of:	file:///home/vish/.local/share/nvim/mason/packages/lua-language-server/libexec/meta/LuaJIT%20en-us%20utf8/debug.lua
[22:03:50.559][info] [#0:script/workspace/loading.lua:100]: Preload file at: file:///home/vish/.local/share/nvim/mason/packages/lua-language-server/libexec/meta/Lua%205.4%20en-us%20utf8/utf8.lua , size = 2.386 KB
[22:03:50.560][info] [#0:script/workspace/loading.lua:112]: ++++As library of:	file:///home/vish/.local/share/nvim/mason/packages/lua-language-server/libexec/meta/Lua%205.4%20en-us%20utf8/utf8.lua
[22:03:50.560][info] [#0:script/workspace/loading.lua:100]: Preload file at: file:///home/vish/.local/share/nvim/mason/packages/lua-language-server/libexec/meta/LuaJIT%20en-us%20utf8/string.lua , size = 5.242 KB
[22:03:50.564][info] [#0:script/workspace/loading.lua:112]: ++++As library of:	file:///home/vish/.local/share/nvim/mason/packages/lua-language-server/libexec/meta/LuaJIT%20en-us%20utf8/string.lua
[22:03:50.564][info] [#0:script/workspace/loading.lua:100]: Preload file at: file:///home/vish/.local/share/nvim/mason/packages/lua-language-server/libexec/meta/Lua%205.4%20en-us%20utf8/os.lua , size = 5.611 KB
[22:03:50.567][info] [#0:script/workspace/loading.lua:112]: ++++As library of:	file:///home/vish/.local/share/nvim/mason/packages/lua-language-server/libexec/meta/Lua%205.4%20en-us%20utf8/os.lua
[22:03:50.567][info] [#0:script/workspace/loading.lua:100]: Preload file at: file:///home/vish/.local/share/nvim/mason/packages/lua-language-server/libexec/meta/LuaJIT%20en-us%20utf8/table/clear.lua , size = 0.797 KB
[22:03:50.568][info] [#0:script/workspace/loading.lua:112]: ++++As library of:	file:///home/vish/.local/share/nvim/mason/packages/lua-language-server/libexec/meta/LuaJIT%20en-us%20utf8/table/clear.lua
[22:03:50.568][info] [#0:script/workspace/loading.lua:100]: Preload file at: file:///home/vish/.local/share/nvim/mason/packages/lua-language-server/libexec/meta/Lua%205.4%20en-us%20utf8/table.lua , size = 4.445 KB
[22:03:50.575][info] [#0:script/workspace/loading.lua:112]: ++++As library of:	file:///home/vish/.local/share/nvim/mason/packages/lua-language-server/libexec/meta/Lua%205.4%20en-us%20utf8/table.lua
[22:03:50.575][info] [#0:script/workspace/loading.lua:100]: Preload file at: file:///home/vish/.local/share/nvim/mason/packages/lua-language-server/libexec/meta/LuaJIT%20en-us%20utf8/table/new.lua , size = 0.642 KB
[22:03:50.576][info] [#0:script/workspace/loading.lua:112]: ++++As library of:	file:///home/vish/.local/share/nvim/mason/packages/lua-language-server/libexec/meta/LuaJIT%20en-us%20utf8/table/new.lua
[22:03:50.576][info] [#0:script/workspace/loading.lua:100]: Preload file at: file:///home/vish/.local/share/nvim/mason/packages/lua-language-server/libexec/meta/Lua%205.4%20en-us%20utf8/math.lua , size = 8.542 KB
[22:03:50.580][info] [#0:script/workspace/loading.lua:112]: ++++As library of:	file:///home/vish/.local/share/nvim/mason/packages/lua-language-server/libexec/meta/Lua%205.4%20en-us%20utf8/math.lua
[22:03:50.580][info] [#0:script/workspace/loading.lua:100]: Preload file at: file:///home/vish/.local/share/nvim/mason/packages/lua-language-server/libexec/meta/LuaJIT%20en-us%20utf8/package.lua , size = 2.699 KB
[22:03:50.582][info] [#0:script/workspace/loading.lua:112]: ++++As library of:	file:///home/vish/.local/share/nvim/mason/packages/lua-language-server/libexec/meta/LuaJIT%20en-us%20utf8/package.lua
[22:03:50.582][info] [#0:script/workspace/loading.lua:100]: Preload file at: file:///home/vish/.local/share/nvim/mason/packages/lua-language-server/libexec/meta/Lua%205.4%20en-us%20utf8/debug.lua , size = 7.637 KB
[22:03:50.586][info] [#0:script/workspace/loading.lua:112]: ++++As library of:	file:///home/vish/.local/share/nvim/mason/packages/lua-language-server/libexec/meta/Lua%205.4%20en-us%20utf8/debug.lua
[22:03:50.587][info] [#0:script/workspace/loading.lua:100]: Preload file at: file:///home/vish/.local/share/nvim/mason/packages/lua-language-server/libexec/meta/LuaJIT%20en-us%20utf8/string/buffer.lua , size = 18.123 KB
[22:03:50.592][info] [#0:script/workspace/loading.lua:112]: ++++As library of:	file:///home/vish/.local/share/nvim/mason/packages/lua-language-server/libexec/meta/LuaJIT%20en-us%20utf8/string/buffer.lua
[22:03:50.592][info] [#0:script/workspace/loading.lua:172]: Loaded files takes [0.085] sec: <fallback>
[22:03:50.592][info] [#0:script/workspace/loading.lua:181]: Compile files takes [0.000] sec: <fallback>
[22:03:50.592][info] [#0:script/workspace/loading.lua:182]: Loaded finish:	<fallback>
[22:03:50.592][info] [#0:script/workspace/workspace.lua:381]: Preload finish at:	<fallback>
[22:03:50.597][info] [#0:script/workspace/loading.lua:100]: Preload file at: file:///home/vish/.local/share/nvim/mason/packages/lua-language-server/libexec/meta/LuaJIT%20en-us%20utf8/io.lua , size = 6.364 KB
[22:03:50.602][info] [#0:script/workspace/loading.lua:112]: ++++As library of:	file:///home/vish/.local/share/nvim/mason/packages/lua-language-server/libexec/meta/LuaJIT%20en-us%20utf8/io.lua
[22:03:50.602][info] [#0:script/workspace/loading.lua:100]: Preload file at: file:///home/vish/.local/share/nvim/mason/packages/lua-language-server/libexec/meta/LuaJIT%20en-us%20utf8/builtin.lua , size = 0.302 KB
[22:03:50.603][info] [#0:script/workspace/loading.lua:112]: ++++As library of:	file:///home/vish/.local/share/nvim/mason/packages/lua-language-server/libexec/meta/LuaJIT%20en-us%20utf8/builtin.lua
[22:03:50.603][info] [#0:script/workspace/loading.lua:100]: Preload file at: file:///home/vish/.local/share/nvim/mason/packages/lua-language-server/libexec/meta/LuaJIT%20en-us%20utf8/table.lua , size = 4.445 KB
[22:03:50.606][info] [#0:script/workspace/loading.lua:112]: ++++As library of:	file:///home/vish/.local/share/nvim/mason/packages/lua-language-server/libexec/meta/LuaJIT%20en-us%20utf8/table.lua
[22:03:50.606][info] [#0:script/workspace/loading.lua:100]: Preload file at: file:///home/vish/.local/share/nvim/mason/packages/lua-language-server/libexec/meta/LuaJIT%20en-us%20utf8/coroutine.lua , size = 2.541 KB
[22:03:50.608][info] [#0:script/workspace/loading.lua:112]: ++++As library of:	file:///home/vish/.local/share/nvim/mason/packages/lua-language-server/libexec/meta/LuaJIT%20en-us%20utf8/coroutine.lua
[22:03:50.608][info] [#0:script/workspace/loading.lua:100]: Preload file at: file:///home/vish/.local/share/nvim/mason/packages/lua-language-server/libexec/meta/LuaJIT%20en-us%20utf8/jit/profile.lua , size = 0.348 KB
[22:03:50.609][info] [#0:script/workspace/loading.lua:112]: ++++As library of:	file:///home/vish/.local/share/nvim/mason/packages/lua-language-server/libexec/meta/LuaJIT%20en-us%20utf8/jit/profile.lua
[22:03:50.610][info] [#0:script/workspace/loading.lua:100]: Preload file at: file:///home/vish/.local/share/nvim/mason/packages/lua-language-server/libexec/meta/LuaJIT%20en-us%20utf8/jit/util.lua , size = 1.984 KB
[22:03:50.619][info] [#0:script/workspace/loading.lua:112]: ++++As library of:	file:///home/vish/.local/share/nvim/mason/packages/lua-language-server/libexec/meta/LuaJIT%20en-us%20utf8/jit/util.lua
[22:03:50.619][info] [#0:script/workspace/loading.lua:100]: Preload file at: file:///home/vish/.local/share/nvim/mason/packages/lua-language-server/libexec/meta/LuaJIT%20en-us%20utf8/bit.lua , size = 1.243 KB
[22:03:50.621][info] [#0:script/workspace/loading.lua:112]: ++++As library of:	file:///home/vish/.local/share/nvim/mason/packages/lua-language-server/libexec/meta/LuaJIT%20en-us%20utf8/bit.lua
[22:03:50.621][info] [#0:script/workspace/loading.lua:100]: Preload file at: file:///usr/local/share/nvim/runtime/lua/editorconfig.lua , size = 11.254 KB
[22:03:50.626][info] [#0:script/workspace/loading.lua:112]: ++++As library of:	file:///usr/local/share/nvim/runtime/lua
[22:03:50.627][info] [#0:script/workspace/loading.lua:100]: Preload file at: file:///usr/local/share/nvim/runtime/lua/vim/health.lua , size = 14.702 KB
[22:03:50.636][info] [#0:script/workspace/loading.lua:112]: ++++As library of:	file:///usr/local/share/nvim/runtime/lua
[22:03:50.636][info] [#0:script/workspace/loading.lua:100]: Preload file at: file:///usr/local/share/nvim/runtime/lua/vim/text.lua , size = 4.512 KB
[22:03:50.639][info] [#0:script/workspace/loading.lua:112]: ++++As library of:	file:///usr/local/share/nvim/runtime/lua
[22:03:50.639][info] [#0:script/workspace/loading.lua:100]: Preload file at: file:///usr/local/share/nvim/runtime/lua/vim/_buf.lua , size = 0.764 KB
[22:03:50.639][info] [#0:script/workspace/loading.lua:112]: ++++As library of:	file:///usr/local/share/nvim/runtime/lua
[22:03:50.639][info] [#0:script/workspace/loading.lua:100]: Preload file at: file:///usr/local/share/nvim/runtime/lua/vim/_editor.lua , size = 43.854 KB
[22:03:50.662][info] [#0:script/workspace/loading.lua:112]: ++++As library of:	file:///usr/local/share/nvim/runtime/lua
[22:03:50.662][info] [#0:script/workspace/loading.lua:100]: Preload file at: file:///usr/local/share/nvim/runtime/lua/vim/iter.lua , size = 25.875 KB
[22:03:50.690][info] [#0:script/workspace/loading.lua:112]: ++++As library of:	file:///usr/local/share/nvim/runtime/lua
[22:03:50.691][info] [#0:script/workspace/loading.lua:100]: Preload file at: file:///usr/local/share/nvim/runtime/lua/vim/re.lua , size = 6.527 KB
[22:03:50.698][info] [#0:script/workspace/loading.lua:112]: ++++As library of:	file:///usr/local/share/nvim/runtime/lua
[22:03:50.698][info] [#0:script/workspace/loading.lua:100]: Preload file at: file:///usr/local/share/nvim/runtime/lua/vim/treesitter.lua , size = 15.239 KB
[22:03:50.707][info] [#0:script/workspace/loading.lua:112]: ++++As library of:	file:///usr/local/share/nvim/runtime/lua
[22:03:50.707][info] [#0:script/workspace/loading.lua:100]: Preload file at: file:///usr/local/share/nvim/runtime/lua/vim/secure.lua , size = 5.020 KB
[22:03:50.711][info] [#0:script/workspace/loading.lua:112]: ++++As library of:	file:///usr/local/share/nvim/runtime/lua
[22:03:50.711][info] [#0:script/workspace/loading.lua:100]: Preload file at: file:///usr/local/share/nvim/runtime/lua/vim/_inspector.lua , size = 7.775 KB
[22:03:50.716][info] [#0:script/workspace/loading.lua:112]: ++++As library of:	file:///usr/local/share/nvim/runtime/lua
[22:03:50.717][info] [#0:script/workspace/loading.lua:100]: Preload file at: file:///usr/local/share/nvim/runtime/lua/vim/provider/ruby.lua , size = 1.563 KB
[22:03:50.718][info] [#0:script/workspace/loading.lua:112]: ++++As library of:	file:///usr/local/share/nvim/runtime/lua
[22:03:50.718][info] [#0:script/workspace/loading.lua:100]: Preload file at: file:///usr/local/share/nvim/runtime/lua/vim/provider/health.lua , size = 28.856 KB
[22:03:50.732][info] [#0:script/workspace/loading.lua:112]: ++++As library of:	file:///usr/local/share/nvim/runtime/lua
[22:03:50.732][info] [#0:script/workspace/loading.lua:100]: Preload file at: file:///usr/local/share/nvim/runtime/lua/vim/provider/perl.lua , size = 1.998 KB
[22:03:50.733][info] [#0:script/workspace/loading.lua:112]: ++++As library of:	file:///usr/local/share/nvim/runtime/lua
[22:03:50.733][info] [#0:script/workspace/loading.lua:100]: Preload file at: file:///usr/local/share/nvim/runtime/lua/vim/provider/python.lua , size = 4.210 KB
[22:03:50.735][info] [#0:script/workspace/loading.lua:112]: ++++As library of:	file:///usr/local/share/nvim/runtime/lua
[22:03:50.736][info] [#0:script/workspace/loading.lua:100]: Preload file at: file:///usr/local/share/nvim/runtime/lua/vim/glob.lua , size = 3.312 KB
[22:03:50.739][info] [#0:script/workspace/loading.lua:112]: ++++As library of:	file:///usr/local/share/nvim/runtime/lua
[22:03:50.739][info] [#0:script/workspace/loading.lua:100]: Preload file at: file:///usr/local/share/nvim/runtime/lua/vim/deprecated/health.lua , size = 1.260 KB
[22:03:50.740][info] [#0:script/workspace/loading.lua:112]: ++++As library of:	file:///usr/local/share/nvim/runtime/lua
[22:03:50.740][info] [#0:script/workspace/loading.lua:100]: Preload file at: file:///usr/local/share/nvim/runtime/lua/vim/diagnostic.lua , size = 84.872 KB
[22:03:50.804][info] [#0:script/workspace/loading.lua:112]: ++++As library of:	file:///usr/local/share/nvim/runtime/lua
[22:03:50.805][info] [#0:script/workspace/loading.lua:100]: Preload file at: file:///usr/local/share/nvim/runtime/lua/vim/_system.lua , size = 9.580 KB
[22:03:50.811][info] [#0:script/workspace/loading.lua:112]: ++++As library of:	file:///usr/local/share/nvim/runtime/lua
[22:03:50.811][info] [#0:script/workspace/loading.lua:100]: Preload file at: file:///usr/local/share/nvim/runtime/lua/vim/filetype.lua , size = 78.400 KB
[22:03:50.849][info] [#0:script/workspace/loading.lua:112]: ++++As library of:	file:///usr/local/share/nvim/runtime/lua
[22:03:50.849][info] [#0:script/workspace/loading.lua:100]: Preload file at: file:///usr/local/share/nvim/runtime/lua/vim/_options.lua , size = 25.508 KB
[22:03:50.860][info] [#0:script/workspace/loading.lua:112]: ++++As library of:	file:///usr/local/share/nvim/runtime/lua
[22:03:50.860][info] [#0:script/workspace/loading.lua:100]: Preload file at: file:///usr/local/share/nvim/runtime/lua/vim/snippet.lua , size = 19.794 KB
[22:03:50.872][info] [#0:script/workspace/loading.lua:112]: ++++As library of:	file:///usr/local/share/nvim/runtime/lua
[22:03:50.872][info] [#0:script/workspace/loading.lua:100]: Preload file at: file:///usr/local/share/nvim/runtime/lua/vim/filetype/detect.lua , size = 61.322 KB
[22:03:50.940][info] [#0:script/workspace/loading.lua:112]: ++++As library of:	file:///usr/local/share/nvim/runtime/lua
[22:03:50.942][info] [#0:script/workspace/loading.lua:100]: Preload file at: file:///usr/local/share/nvim/runtime/lua/vim/hl.lua , size = 5.653 KB
[22:03:50.946][info] [#0:script/workspace/loading.lua:112]: ++++As library of:	file:///usr/local/share/nvim/runtime/lua
[22:03:50.946][info] [#0:script/workspace/loading.lua:100]: Preload file at: file:///usr/local/share/nvim/runtime/lua/vim/filetype/options.lua , size = 2.559 KB
[22:03:50.948][info] [#0:script/workspace/loading.lua:112]: ++++As library of:	file:///usr/local/share/nvim/runtime/lua
[22:03:50.948][info] [#0:script/workspace/loading.lua:100]: Preload file at: file:///usr/local/share/nvim/runtime/lua/vim/fs.lua , size = 23.587 KB
[22:03:50.960][info] [#0:script/workspace/loading.lua:112]: ++++As library of:	file:///usr/local/share/nvim/runtime/lua
[22:03:50.960][info] [#0:script/workspace/loading.lua:100]: Preload file at: file:///usr/local/share/nvim/runtime/lua/vim/lsp.lua , size = 49.254 KB
[22:03:50.983][info] [#0:script/workspace/loading.lua:112]: ++++As library of:	file:///usr/local/share/nvim/runtime/lua
[22:03:50.984][info] [#0:script/workspace/loading.lua:100]: Preload file at: file:///usr/local/share/nvim/runtime/lua/vim/_watch.lua , size = 9.718 KB
[22:03:50.990][info] [#0:script/workspace/loading.lua:112]: ++++As library of:	file:///usr/local/share/nvim/runtime/lua
[22:03:50.990][info] [#0:script/workspace/loading.lua:100]: Preload file at: file:///usr/local/share/nvim/runtime/lua/vim/_defaults.lua , size = 32.247 KB
[22:03:51.007][info] [#0:script/workspace/loading.lua:112]: ++++As library of:	file:///usr/local/share/nvim/runtime/lua
[22:03:51.007][info] [#0:script/workspace/loading.lua:100]: Preload file at: file:///usr/local/share/nvim/runtime/lua/vim/loader.lua , size = 14.564 KB
[22:03:51.018][info] [#0:script/workspace/loading.lua:112]: ++++As library of:	file:///usr/local/share/nvim/runtime/lua
[22:03:51.018][info] [#0:script/workspace/loading.lua:100]: Preload file at: file:///usr/local/share/nvim/runtime/lua/vim/keymap.lua , size = 3.683 KB
[22:03:51.020][info] [#0:script/workspace/loading.lua:112]: ++++As library of:	file:///usr/local/share/nvim/runtime/lua
[22:03:51.020][info] [#0:script/workspace/loading.lua:100]: Preload file at: file:///usr/local/share/nvim/runtime/lua/vim/_comment.lua , size = 8.967 KB
[22:03:51.026][info] [#0:script/workspace/loading.lua:112]: ++++As library of:	file:///usr/local/share/nvim/runtime/lua
[22:03:51.026][info] [#0:script/workspace/loading.lua:100]: Preload file at: file:///usr/local/share/nvim/runtime/lua/vim/_meta/api_keysets_extra.lua , size = 6.957 KB
[22:03:51.031][info] [#0:script/workspace/loading.lua:112]: ++++As library of:	file:///usr/local/share/nvim/runtime/lua
[22:03:51.031][info] [#0:script/workspace/loading.lua:100]: Preload file at: file:///usr/local/share/nvim/runtime/lua/vim/_meta/api_keysets.lua , size = 9.958 KB
[22:03:51.037][info] [#0:script/workspace/loading.lua:112]: ++++As library of:	file:///usr/local/share/nvim/runtime/lua
[22:03:51.038][info] [#0:script/workspace/loading.lua:100]: Preload file at: file:///usr/local/share/nvim/runtime/lua/vim/_meta/re.lua , size = 2.217 KB
[22:03:51.039][info] [#0:script/workspace/loading.lua:112]: ++++As library of:	file:///usr/local/share/nvim/runtime/lua
[22:03:51.039][info] [#0:script/workspace/loading.lua:100]: Preload file at: file:///usr/local/share/nvim/runtime/lua/vim/_meta/builtin.lua , size = 10.381 KB
[22:03:51.044][info] [#0:script/workspace/loading.lua:112]: ++++As library of:	file:///usr/local/share/nvim/runtime/lua
[22:03:51.044][info] [#0:script/workspace/loading.lua:100]: Preload file at: file:///usr/local/share/nvim/runtime/lua/vim/_meta/base64.lua , size = 0.307 KB
[22:03:51.045][info] [#0:script/workspace/loading.lua:112]: ++++As library of:	file:///usr/local/share/nvim/runtime/lua
[22:03:51.045][info] [#0:script/workspace/loading.lua:100]: Preload file at: file:///usr/local/share/nvim/runtime/lua/vim/_meta/mpack.lua , size = 0.478 KB
[22:03:51.046][info] [#0:script/workspace/loading.lua:112]: ++++As library of:	file:///usr/local/share/nvim/runtime/lua
[22:03:51.046][info] [#0:script/workspace/loading.lua:100]: Preload file at: file:///usr/local/share/nvim/runtime/lua/vim/_meta/diff.lua , size = 2.493 KB
[22:03:51.047][info] [#0:script/workspace/loading.lua:112]: ++++As library of:	file:///usr/local/share/nvim/runtime/lua
[22:03:51.047][info] [#0:script/workspace/loading.lua:100]: Preload file at: file:///usr/local/share/nvim/runtime/lua/vim/_meta/vimfn.lua , size = 408.284 KB
[22:03:51.213][info] [#0:script/workspace/loading.lua:112]: ++++As library of:	file:///usr/local/share/nvim/runtime/lua
[22:03:51.214][info] [#0:script/workspace/loading.lua:100]: Preload file at: file:///usr/local/share/nvim/runtime/lua/vim/_meta/misc.lua , size = 0.291 KB
[22:03:51.214][info] [#0:script/workspace/loading.lua:112]: ++++As library of:	file:///usr/local/share/nvim/runtime/lua
[22:03:51.215][info] [#0:script/workspace/loading.lua:100]: Preload file at: file:///usr/local/share/nvim/runtime/lua/vim/_meta/api.lua , size = 106.049 KB
[22:03:51.253][info] [#0:script/workspace/loading.lua:112]: ++++As library of:	file:///usr/local/share/nvim/runtime/lua
[22:03:51.253][info] [#0:script/workspace/loading.lua:100]: Preload file at: file:///usr/local/share/nvim/runtime/lua/vim/_meta/lpeg.lua , size = 15.348 KB
[22:03:51.259][info] [#0:script/workspace/loading.lua:112]: ++++As library of:	file:///usr/local/share/nvim/runtime/lua
[22:03:51.259][info] [#0:script/workspace/loading.lua:100]: Preload file at: file:///usr/local/share/nvim/runtime/lua/vim/_meta/options.lua , size = 324.211 KB
[22:03:51.430][info] [#0:script/workspace/loading.lua:112]: ++++As library of:	file:///usr/local/share/nvim/runtime/lua
[22:03:51.430][info] [#0:script/workspace/loading.lua:100]: Preload file at: file:///usr/local/share/nvim/runtime/lua/vim/_meta/vvars_extra.lua , size = 4.056 KB
[22:03:51.432][info] [#0:script/workspace/loading.lua:112]: ++++As library of:	file:///usr/local/share/nvim/runtime/lua
[22:03:51.432][info] [#0:script/workspace/loading.lua:100]: Preload file at: file:///usr/local/share/nvim/runtime/lua/vim/_meta/builtin_types.lua , size = 7.899 KB
[22:03:51.436][info] [#0:script/workspace/loading.lua:112]: ++++As library of:	file:///usr/local/share/nvim/runtime/lua
[22:03:51.436][info] [#0:script/workspace/loading.lua:100]: Preload file at: file:///usr/local/share/nvim/runtime/lua/vim/_meta/vvars.lua , size = 26.214 KB
[22:03:51.444][info] [#0:script/workspace/loading.lua:112]: ++++As library of:	file:///usr/local/share/nvim/runtime/lua
[22:03:51.445][info] [#0:script/workspace/loading.lua:100]: Preload file at: file:///usr/local/share/nvim/runtime/lua/vim/_meta/spell.lua , size = 0.929 KB
[22:03:51.446][info] [#0:script/workspace/loading.lua:112]: ++++As library of:	file:///usr/local/share/nvim/runtime/lua
[22:03:51.446][info] [#0:script/workspace/loading.lua:100]: Preload file at: file:///usr/local/share/nvim/runtime/lua/vim/_meta/regex.lua , size = 1.580 KB
[22:03:51.447][info] [#0:script/workspace/loading.lua:112]: ++++As library of:	file:///usr/local/share/nvim/runtime/lua
[22:03:51.447][info] [#0:script/workspace/loading.lua:100]: Preload file at: file:///usr/local/share/nvim/runtime/lua/vim/_meta/json.lua , size = 1.537 KB
[22:03:51.448][info] [#0:script/workspace/loading.lua:112]: ++++As library of:	file:///usr/local/share/nvim/runtime/lua
[22:03:51.448][info] [#0:script/workspace/loading.lua:100]: Preload file at: file:///usr/local/share/nvim/runtime/lua/vim/termcap.lua , size = 2.952 KB
[22:03:51.450][info] [#0:script/workspace/loading.lua:112]: ++++As library of:	file:///usr/local/share/nvim/runtime/lua
[22:03:51.450][info] [#0:script/workspace/loading.lua:100]: Preload file at: file:///usr/local/share/nvim/runtime/lua/vim/ui.lua , size = 7.683 KB
[22:03:51.454][info] [#0:script/workspace/loading.lua:112]: ++++As library of:	file:///usr/local/share/nvim/runtime/lua
[22:03:51.454][info] [#0:script/workspace/loading.lua:100]: Preload file at: file:///usr/local/share/nvim/runtime/lua/vim/version.lua , size = 13.701 KB
[22:03:51.463][info] [#0:script/workspace/loading.lua:112]: ++++As library of:	file:///usr/local/share/nvim/runtime/lua
[22:03:51.463][info] [#0:script/workspace/loading.lua:100]: Preload file at: file:///usr/local/share/nvim/runtime/lua/vim/shared.lua , size = 40.536 KB
[22:03:51.484][info] [#0:script/workspace/loading.lua:112]: ++++As library of:	file:///usr/local/share/nvim/runtime/lua
[22:03:51.485][info] [#0:script/workspace/loading.lua:100]: Preload file at: file:///usr/local/share/nvim/runtime/lua/vim/_init_packages.lua , size = 3.023 KB
[22:03:51.487][info] [#0:script/workspace/loading.lua:112]: ++++As library of:	file:///usr/local/share/nvim/runtime/lua
[22:03:51.487][info] [#0:script/workspace/loading.lua:100]: Preload file at: file:///usr/local/share/nvim/runtime/lua/vim/inspect.lua , size = 8.899 KB
[22:03:51.494][info] [#0:script/workspace/loading.lua:112]: ++++As library of:	file:///usr/local/share/nvim/runtime/lua
[22:03:51.494][info] [#0:script/workspace/loading.lua:100]: Preload file at: file:///usr/local/share/nvim/runtime/lua/vim/func.lua , size = 1.950 KB
[22:03:51.495][info] [#0:script/workspace/loading.lua:112]: ++++As library of:	file:///usr/local/share/nvim/runtime/lua
[22:03:51.496][info] [#0:script/workspace/loading.lua:100]: Preload file at: file:///usr/local/share/nvim/runtime/lua/vim/_ftplugin/lua.lua , size = 0.481 KB
[22:03:51.496][info] [#0:script/workspace/loading.lua:112]: ++++As library of:	file:///usr/local/share/nvim/runtime/lua
[22:03:51.496][info] [#0:script/workspace/loading.lua:100]: Preload file at: file:///usr/local/share/nvim/runtime/lua/vim/treesitter/query.lua , size = 37.908 KB
[22:03:51.515][info] [#0:script/workspace/loading.lua:112]: ++++As library of:	file:///usr/local/share/nvim/runtime/lua
[22:03:51.515][info] [#0:script/workspace/loading.lua:100]: Preload file at: file:///usr/local/share/nvim/runtime/lua/vim/treesitter/_range.lua , size = 3.923 KB
[22:03:51.519][info] [#0:script/workspace/loading.lua:112]: ++++As library of:	file:///usr/local/share/nvim/runtime/lua
[22:03:51.520][info] [#0:script/workspace/loading.lua:100]: Preload file at: file:///usr/local/share/nvim/runtime/lua/vim/treesitter/health.lua , size = 1.551 KB
[22:03:51.522][info] [#0:script/workspace/loading.lua:112]: ++++As library of:	file:///usr/local/share/nvim/runtime/lua
[22:03:51.522][info] [#0:script/workspace/loading.lua:100]: Preload file at: file:///usr/local/share/nvim/runtime/lua/vim/treesitter/_query_linter.lua , size = 7.818 KB
[22:03:51.528][info] [#0:script/workspace/loading.lua:112]: ++++As library of:	file:///usr/local/share/nvim/runtime/lua
[22:03:51.528][info] [#0:script/workspace/loading.lua:100]: Preload file at: file:///usr/local/share/nvim/runtime/lua/vim/treesitter/highlighter.lua , size = 14.278 KB
[22:03:51.536][info] [#0:script/workspace/loading.lua:112]: ++++As library of:	file:///usr/local/share/nvim/runtime/lua
[22:03:51.536][info] [#0:script/workspace/loading.lua:100]: Preload file at: file:///usr/local/share/nvim/runtime/lua/vim/treesitter/dev.lua , size = 20.854 KB
[22:03:51.550][info] [#0:script/workspace/loading.lua:112]: ++++As library of:	file:///usr/local/share/nvim/runtime/lua
[22:03:51.551][info] [#0:script/workspace/loading.lua:100]: Preload file at: file:///usr/local/share/nvim/runtime/lua/vim/treesitter/languagetree.lua , size = 40.234 KB
[22:03:51.578][info] [#0:script/workspace/loading.lua:112]: ++++As library of:	file:///usr/local/share/nvim/runtime/lua
[22:03:51.580][info] [#0:script/workspace/loading.lua:100]: Preload file at: file:///usr/local/share/nvim/runtime/lua/vim/treesitter/_fold.lua , size = 14.803 KB
[22:03:51.587][info] [#0:script/workspace/loading.lua:112]: ++++As library of:	file:///usr/local/share/nvim/runtime/lua
[22:03:51.588][info] [#0:script/workspace/loading.lua:100]: Preload file at: file:///usr/local/share/nvim/runtime/lua/vim/treesitter/_meta/tsnode.lua , size = 5.839 KB
[22:03:51.591][info] [#0:script/workspace/loading.lua:112]: ++++As library of:	file:///usr/local/share/nvim/runtime/lua
[22:03:51.592][info] [#0:script/workspace/loading.lua:100]: Preload file at: file:///usr/local/share/nvim/runtime/lua/vim/treesitter/_meta/tsquery.lua , size = 1.860 KB
[22:03:51.593][info] [#0:script/workspace/loading.lua:112]: ++++As library of:	file:///usr/local/share/nvim/runtime/lua
[22:03:51.593][info] [#0:script/workspace/loading.lua:100]: Preload file at: file:///usr/local/share/nvim/runtime/lua/vim/treesitter/_meta/misc.lua , size = 2.733 KB
[22:03:51.595][info] [#0:script/workspace/loading.lua:112]: ++++As library of:	file:///usr/local/share/nvim/runtime/lua
[22:03:51.595][info] [#0:script/workspace/loading.lua:100]: Preload file at: file:///usr/local/share/nvim/runtime/lua/vim/treesitter/_meta/tstree.lua , size = 1.234 KB
[22:03:51.596][info] [#0:script/workspace/loading.lua:112]: ++++As library of:	file:///usr/local/share/nvim/runtime/lua
[22:03:51.596][info] [#0:script/workspace/loading.lua:100]: Preload file at: file:///usr/local/share/nvim/runtime/lua/vim/treesitter/language.lua , size = 5.382 KB
[22:03:51.600][info] [#0:script/workspace/loading.lua:112]: ++++As library of:	file:///usr/local/share/nvim/runtime/lua
[22:03:51.600][info] [#0:script/workspace/loading.lua:100]: Preload file at: file:///usr/local/share/nvim/runtime/lua/vim/treesitter/_headings.lua , size = 3.863 KB
[22:03:51.603][info] [#0:script/workspace/loading.lua:112]: ++++As library of:	file:///usr/local/share/nvim/runtime/lua
[22:03:51.603][info] [#0:script/workspace/loading.lua:100]: Preload file at: file:///usr/local/share/nvim/runtime/lua/vim/F.lua , size = 1.076 KB
[22:03:51.604][info] [#0:script/workspace/loading.lua:112]: ++++As library of:	file:///usr/local/share/nvim/runtime/lua
[22:03:51.604][info] [#0:script/workspace/loading.lua:100]: Preload file at: file:///usr/local/share/nvim/runtime/lua/vim/ui/clipboard/osc52.lua , size = 2.146 KB
[22:03:51.606][info] [#0:script/workspace/loading.lua:112]: ++++As library of:	file:///usr/local/share/nvim/runtime/lua
[22:03:51.606][info] [#0:script/workspace/loading.lua:100]: Preload file at: file:///usr/local/share/nvim/runtime/lua/vim/func/_memoize.lua , size = 1.979 KB
[22:03:51.609][info] [#0:script/workspace/loading.lua:112]: ++++As library of:	file:///usr/local/share/nvim/runtime/lua
[22:03:51.609][info] [#0:script/workspace/loading.lua:100]: Preload file at: file:///usr/local/share/nvim/runtime/lua/vim/provider.lua , size = 0.197 KB
[22:03:51.610][info] [#0:script/workspace/loading.lua:112]: ++++As library of:	file:///usr/local/share/nvim/runtime/lua
[22:03:51.610][info] [#0:script/workspace/loading.lua:100]: Preload file at: file:///usr/local/share/nvim/runtime/lua/vim/lsp/semantic_tokens.lua , size = 27.239 KB
[22:03:51.624][info] [#0:script/workspace/loading.lua:112]: ++++As library of:	file:///usr/local/share/nvim/runtime/lua
[22:03:51.624][info] [#0:script/workspace/loading.lua:100]: Preload file at: file:///usr/local/share/nvim/runtime/lua/vim/lsp/client.lua , size = 40.437 KB
[22:03:51.646][info] [#0:script/workspace/loading.lua:112]: ++++As library of:	file:///usr/local/share/nvim/runtime/lua
[22:03:51.647][info] [#0:script/workspace/loading.lua:100]: Preload file at: file:///usr/local/share/nvim/runtime/lua/vim/lsp/util.lua , size = 74.819 KB
[22:03:51.692][info] [#0:script/workspace/loading.lua:112]: ++++As library of:	file:///usr/local/share/nvim/runtime/lua
[22:03:51.693][info] [#0:script/workspace/loading.lua:100]: Preload file at: file:///usr/local/share/nvim/runtime/lua/vim/lsp/health.lua , size = 7.174 KB
[22:03:51.698][info] [#0:script/workspace/loading.lua:112]: ++++As library of:	file:///usr/local/share/nvim/runtime/lua
[22:03:51.698][info] [#0:script/workspace/loading.lua:100]: Preload file at: file:///usr/local/share/nvim/runtime/lua/vim/lsp/log.lua , size = 4.845 KB
[22:03:51.702][info] [#0:script/workspace/loading.lua:112]: ++++As library of:	file:///usr/local/share/nvim/runtime/lua
[22:03:51.702][info] [#0:script/workspace/loading.lua:100]: Preload file at: file:///usr/local/share/nvim/runtime/lua/vim/lsp/inlay_hint.lua , size = 11.911 KB
[22:03:51.709][info] [#0:script/workspace/loading.lua:112]: ++++As library of:	file:///usr/local/share/nvim/runtime/lua
[22:03:51.709][info] [#0:script/workspace/loading.lua:100]: Preload file at: file:///usr/local/share/nvim/runtime/lua/vim/lsp/_changetracking.lua , size = 11.493 KB
[22:03:51.715][info] [#0:script/workspace/loading.lua:112]: ++++As library of:	file:///usr/local/share/nvim/runtime/lua
[22:03:51.716][info] [#0:script/workspace/loading.lua:100]: Preload file at: file:///usr/local/share/nvim/runtime/lua/vim/lsp/codelens.lua , size = 9.245 KB
[22:03:51.722][info] [#0:script/workspace/loading.lua:112]: ++++As library of:	file:///usr/local/share/nvim/runtime/lua
[22:03:51.722][info] [#0:script/workspace/loading.lua:100]: Preload file at: file:///usr/local/share/nvim/runtime/lua/vim/lsp/handlers.lua , size = 24.316 KB
[22:03:51.736][info] [#0:script/workspace/loading.lua:112]: ++++As library of:	file:///usr/local/share/nvim/runtime/lua
[22:03:51.736][info] [#0:script/workspace/loading.lua:100]: Preload file at: file:///usr/local/share/nvim/runtime/lua/vim/lsp/rpc.lua , size = 22.153 KB
[22:03:51.749][info] [#0:script/workspace/loading.lua:112]: ++++As library of:	file:///usr/local/share/nvim/runtime/lua
[22:03:51.749][info] [#0:script/workspace/loading.lua:100]: Preload file at: file:///usr/local/share/nvim/runtime/lua/vim/lsp/diagnostic.lua , size = 11.717 KB
[22:03:51.756][info] [#0:script/workspace/loading.lua:112]: ++++As library of:	file:///usr/local/share/nvim/runtime/lua
[22:03:51.757][info] [#0:script/workspace/loading.lua:100]: Preload file at: file:///usr/local/share/nvim/runtime/lua/vim/lsp/_transport.lua , size = 5.152 KB
[22:03:51.760][info] [#0:script/workspace/loading.lua:112]: ++++As library of:	file:///usr/local/share/nvim/runtime/lua
[22:03:51.761][info] [#0:script/workspace/loading.lua:100]: Preload file at: file:///usr/local/share/nvim/runtime/lua/vim/lsp/_folding_range.lua , size = 11.103 KB
[22:03:51.768][info] [#0:script/workspace/loading.lua:112]: ++++As library of:	file:///usr/local/share/nvim/runtime/lua
[22:03:51.768][info] [#0:script/workspace/loading.lua:100]: Preload file at: file:///usr/local/share/nvim/runtime/lua/vim/lsp/_tagfunc.lua , size = 3.236 KB
[22:03:51.770][info] [#0:script/workspace/loading.lua:112]: ++++As library of:	file:///usr/local/share/nvim/runtime/lua
[22:03:51.770][info] [#0:script/workspace/loading.lua:100]: Preload file at: file:///usr/local/share/nvim/runtime/lua/vim/lsp/protocol.lua , size = 44.826 KB
[22:03:51.783][info] [#0:script/workspace/loading.lua:112]: ++++As library of:	file:///usr/local/share/nvim/runtime/lua
[22:03:51.783][info] [#0:script/workspace/loading.lua:100]: Preload file at: file:///usr/local/share/nvim/runtime/lua/vim/lsp/_watchfiles.lua , size = 6.813 KB
[22:03:51.787][info] [#0:script/workspace/loading.lua:112]: ++++As library of:	file:///usr/local/share/nvim/runtime/lua
[22:03:51.788][info] [#0:script/workspace/loading.lua:100]: Preload file at: file:///usr/local/share/nvim/runtime/lua/vim/lsp/_snippet_grammar.lua , size = 6.228 KB
[22:03:51.882][info] [#0:script/workspace/loading.lua:112]: ++++As library of:	file:///usr/local/share/nvim/runtime/lua
[22:03:51.882][info] [#0:script/workspace/loading.lua:100]: Preload file at: file:///usr/local/share/nvim/runtime/lua/vim/lsp/sync.lua , size = 15.728 KB
[22:03:51.889][info] [#0:script/workspace/loading.lua:112]: ++++As library of:	file:///usr/local/share/nvim/runtime/lua
[22:03:51.891][info] [#0:script/workspace/loading.lua:100]: Preload file at: file:///usr/local/share/nvim/runtime/lua/vim/lsp/completion.lua , size = 25.926 KB
[22:03:51.905][info] [#0:script/workspace/loading.lua:112]: ++++As library of:	file:///usr/local/share/nvim/runtime/lua
[22:03:51.905][info] [#0:script/workspace/loading.lua:100]: Preload file at: file:///usr/local/share/nvim/runtime/lua/vim/lsp/_meta/protocol.lua , size = 188.964 KB
[22:03:51.965][info] [#0:script/workspace/loading.lua:112]: ++++As library of:	file:///usr/local/share/nvim/runtime/lua
[22:03:51.965][info] [#0:script/workspace/loading.lua:100]: Preload file at: file:///usr/local/share/nvim/runtime/lua/vim/lsp/_meta.lua , size = 0.585 KB
[22:03:51.966][info] [#0:script/workspace/loading.lua:112]: ++++As library of:	file:///usr/local/share/nvim/runtime/lua
[22:03:51.966][info] [#0:script/workspace/loading.lua:100]: Preload file at: file:///usr/local/share/nvim/runtime/lua/vim/_meta.lua , size = 1.002 KB
[22:03:51.967][info] [#0:script/workspace/loading.lua:112]: ++++As library of:	file:///usr/local/share/nvim/runtime/lua
[22:03:51.967][info] [#0:script/workspace/loading.lua:100]: Preload file at: file:///usr/local/share/nvim/runtime/lua/vim/lsp/buf.lua , size = 42.593 KB
[22:03:51.988][info] [#0:script/workspace/loading.lua:112]: ++++As library of:	file:///usr/local/share/nvim/runtime/lua
[22:03:51.988][info] [#0:script/workspace/loading.lua:100]: Preload file at: file:///usr/local/share/nvim/runtime/lua/vim/uri.lua , size = 3.614 KB
[22:03:51.990][info] [#0:script/workspace/loading.lua:112]: ++++As library of:	file:///usr/local/share/nvim/runtime/lua
[22:03:51.990][info] [#0:script/workspace/loading.lua:100]: Preload file at: file:///usr/local/share/nvim/runtime/lua/vim/health/health.lua , size = 12.863 KB
[22:03:51.998][info] [#0:script/workspace/loading.lua:112]: ++++As library of:	file:///usr/local/share/nvim/runtime/lua
[22:03:51.999][info] [#0:script/workspace/loading.lua:100]: Preload file at: file:///usr/local/share/nvim/runtime/lua/man.lua , size = 23.099 KB
[22:03:52.011][info] [#0:script/workspace/loading.lua:112]: ++++As library of:	file:///usr/local/share/nvim/runtime/lua
[22:03:52.012][info] [#0:script/workspace/loading.lua:100]: Preload file at: file:///usr/local/share/nvim/runtime/lua/jit/dump.lua , size = 20.269 KB
[22:03:52.027][info] [#0:script/workspace/loading.lua:112]: ++++As library of:	file:///usr/local/share/nvim/runtime/lua
[22:03:52.027][info] [#0:script/workspace/loading.lua:100]: Preload file at: file:///usr/local/share/nvim/runtime/lua/tohtml.lua , size = 43.272 KB
[22:03:52.054][info] [#0:script/workspace/loading.lua:112]: ++++As library of:	file:///usr/local/share/nvim/runtime/lua
[22:03:52.055][info] [#0:script/workspace/loading.lua:100]: Preload file at: file:///usr/local/share/nvim/runtime/lua/jit/p.lua , size = 8.874 KB
[22:03:52.059][info] [#0:script/workspace/loading.lua:112]: ++++As library of:	file:///usr/local/share/nvim/runtime/lua
[22:03:52.060][info] [#0:script/workspace/loading.lua:100]: Preload file at: file:///usr/local/share/nvim/runtime/lua/jit/dis_ppc.lua , size = 19.825 KB
[22:03:52.071][info] [#0:script/workspace/loading.lua:112]: ++++As library of:	file:///usr/local/share/nvim/runtime/lua
[22:03:52.071][info] [#0:script/workspace/loading.lua:100]: Preload file at: file:///usr/local/share/nvim/runtime/lua/jit/bc.lua , size = 5.417 KB
[22:03:52.075][info] [#0:script/workspace/loading.lua:112]: ++++As library of:	file:///usr/local/share/nvim/runtime/lua
[22:03:52.075][info] [#0:script/workspace/loading.lua:100]: Preload file at: file:///usr/local/share/nvim/runtime/lua/jit/dis_mips64.lua , size = 0.689 KB
[22:03:52.075][info] [#0:script/workspace/loading.lua:112]: ++++As library of:	file:///usr/local/share/nvim/runtime/lua
[22:03:52.075][info] [#0:script/workspace/loading.lua:100]: Preload file at: file:///usr/local/share/nvim/runtime/lua/jit/bcsave.lua , size = 17.090 KB
[22:03:52.086][info] [#0:script/workspace/loading.lua:112]: ++++As library of:	file:///usr/local/share/nvim/runtime/lua
[22:03:52.087][info] [#0:script/workspace/loading.lua:100]: Preload file at: file:///usr/local/share/nvim/runtime/lua/jit/dis_mipsel.lua , size = 0.698 KB
[22:03:52.088][info] [#0:script/workspace/loading.lua:112]: ++++As library of:	file:///usr/local/share/nvim/runtime/lua
[22:03:52.088][info] [#0:script/workspace/loading.lua:100]: Preload file at: file:///usr/local/share/nvim/runtime/lua/jit/dis_mips64r6el.lua , size = 0.711 KB
[22:03:52.089][info] [#0:script/workspace/loading.lua:112]: ++++As library of:	file:///usr/local/share/nvim/runtime/lua
[22:03:52.089][info] [#0:script/workspace/loading.lua:100]: Preload file at: file:///usr/local/share/nvim/runtime/lua/jit/dis_x86.lua , size = 33.033 KB
[22:03:52.107][info] [#0:script/workspace/loading.lua:112]: ++++As library of:	file:///usr/local/share/nvim/runtime/lua
[22:03:52.107][info] [#0:script/workspace/loading.lua:100]: Preload file at: file:///usr/local/share/nvim/runtime/lua/jit/dis_arm64be.lua , size = 0.604 KB
[22:03:52.108][info] [#0:script/workspace/loading.lua:112]: ++++As library of:	file:///usr/local/share/nvim/runtime/lua
[22:03:52.108][info] [#0:script/workspace/loading.lua:100]: Preload file at: file:///usr/local/share/nvim/runtime/lua/jit/dis_mips64el.lua , size = 0.700 KB
[22:03:52.108][info] [#0:script/workspace/loading.lua:112]: ++++As library of:	file:///usr/local/share/nvim/runtime/lua
[22:03:52.109][info] [#0:script/workspace/loading.lua:100]: Preload file at: file:///usr/local/share/nvim/runtime/lua/jit/zone.lua , size = 0.979 KB
[22:03:52.110][info] [#0:script/workspace/loading.lua:112]: ++++As library of:	file:///usr/local/share/nvim/runtime/lua
[22:03:52.110][info] [#0:script/workspace/loading.lua:100]: Preload file at: file:///usr/local/share/nvim/runtime/lua/jit/dis_mips.lua , size = 21.494 KB
[22:03:52.122][info] [#0:script/workspace/loading.lua:112]: ++++As library of:	file:///usr/local/share/nvim/runtime/lua
[22:03:52.122][info] [#0:script/workspace/loading.lua:100]: Preload file at: file:///usr/local/share/nvim/runtime/lua/jit/dis_mips64r6.lua , size = 0.700 KB
[22:03:52.123][info] [#0:script/workspace/loading.lua:112]: ++++As library of:	file:///usr/local/share/nvim/runtime/lua
[22:03:52.123][info] [#0:script/workspace/loading.lua:100]: Preload file at: file:///usr/local/share/nvim/runtime/lua/jit/v.lua , size = 5.731 KB
[22:03:52.126][info] [#0:script/workspace/loading.lua:112]: ++++As library of:	file:///usr/local/share/nvim/runtime/lua
[22:03:52.126][info] [#0:script/workspace/loading.lua:100]: Preload file at: file:///usr/local/share/nvim/runtime/lua/jit/dis_arm64.lua , size = 29.971 KB
[22:03:52.147][info] [#0:script/workspace/loading.lua:112]: ++++As library of:	file:///usr/local/share/nvim/runtime/lua
[22:03:52.147][info] [#0:script/workspace/loading.lua:100]: Preload file at: file:///usr/local/share/nvim/runtime/lua/jit/vmdef.lua , size = 7.920 KB
[22:03:52.150][info] [#0:script/workspace/loading.lua:112]: ++++As library of:	file:///usr/local/share/nvim/runtime/lua
[22:03:52.150][info] [#0:script/workspace/loading.lua:100]: Preload file at: file:///usr/local/share/nvim/runtime/lua/jit/dis_x64.lua , size = 0.695 KB
[22:03:52.150][info] [#0:script/workspace/loading.lua:112]: ++++As library of:	file:///usr/local/share/nvim/runtime/lua
[22:03:52.150][info] [#0:script/workspace/loading.lua:100]: Preload file at: file:///usr/local/share/nvim/runtime/lua/jit/dis_arm.lua , size = 18.891 KB
[22:03:52.165][info] [#0:script/workspace/loading.lua:112]: ++++As library of:	file:///usr/local/share/nvim/runtime/lua
[22:03:52.166][info] [#0:script/workspace/loading.lua:88]: Skip loaded file: file:///mnt/c/Users/vishw/.config/wezterm/wezterm.lua
[22:03:52.166][info] [#0:script/workspace/loading.lua:100]: Preload file at: file:///usr/local/share/nvim/runtime/lua/coxpcall.lua , size = 3.672 KB
[22:03:52.168][info] [#0:script/workspace/loading.lua:112]: ++++As library of:	file:///usr/local/share/nvim/runtime/lua
[22:03:52.168][info] [#0:script/workspace/loading.lua:100]: Preload file at: file:///usr/local/share/nvim/runtime/lua/_vim9script.lua , size = 15.423 KB
[22:03:52.177][info] [#0:script/workspace/loading.lua:112]: ++++As library of:	file:///usr/local/share/nvim/runtime/lua
[22:03:52.177][info] [#0:script/workspace/loading.lua:172]: Loaded files takes [1.665] sec: file:///mnt/c/Users/vishw/.config
[22:03:52.177][info] [#0:script/workspace/loading.lua:181]: Compile files takes [0.000] sec: file:///mnt/c/Users/vishw/.config
[22:03:52.177][info] [#0:script/workspace/loading.lua:182]: Loaded finish:	file:///mnt/c/Users/vishw/.config
[22:03:52.177][info] [#0:script/workspace/workspace.lua:381]: Preload finish at:	file:///mnt/c/Users/vishw/.config
[22:03:52.204][info] [#0:script/provider/diagnostic.lua:560]: Diagnostics scope [file:///mnt/c/Users/vishw/.config], files count:[142]
[22:03:52.204][warn] [#0:script/proto/proto.lua:189]: Method [textDocument/didOpen] takes [1.754]sec. {
  jsonrpc = "2.0",
  method = "textDocument/didOpen",
  params = {
    textDocument = {
      languageId = "lua",
      text = '"***"',
      uri = "file:///mnt/c/Users/vishw/.config/wezterm/wezterm.lua",
      version = 0
    }
  }
}
[22:03:52.205][warn] [#0:script/proto/proto.lua:189]: Method [textDocument/documentHighlight] takes [1.258]sec. {
  id = 18,
  jsonrpc = "2.0",
  method = "textDocument/documentHighlight",
  params = {
    position = {
      character = 0,
      line = 1
    },
    textDocument = {
      uri = "file:///mnt/c/Users/vishw/.config/wezterm/wezterm.lua"
    }
  }
}
[22:03:52.211][warn] [#0:script/proto/proto.lua:189]: Method [textDocument/semanticTokens/full] takes [1.720]sec. {
  id = 16,
  jsonrpc = "2.0",
  method = "textDocument/semanticTokens/full",
  params = {
    textDocument = {
      uri = "file:///mnt/c/Users/vishw/.config/wezterm/wezterm.lua"
    }
  }
}
[22:03:52.214][warn] [#0:script/proto/proto.lua:189]: Method [textDocument/inlayHint] takes [1.722]sec. {
  id = 7,
  jsonrpc = "2.0",
  method = "textDocument/inlayHint",
  params = {
    range = {
      end = {
        character = 0,
        line = 31
      },
      start = {
        character = 0,
        line = 0
      }
    },
    textDocument = {
      uri = "file:///mnt/c/Users/vishw/.config/wezterm/wezterm.lua"
    }
  }
}
[22:03:52.214][warn] [#0:script/proto/proto.lua:189]: Method [textDocument/inlayHint] takes [1.722]sec. {
  id = 9,
  jsonrpc = "2.0",
  method = "textDocument/inlayHint",
  params = {
    range = {
      end = {
        character = 0,
        line = 31
      },
      start = {
        character = 0,
        line = 0
      }
    },
    textDocument = {
      uri = "file:///mnt/c/Users/vishw/.config/wezterm/wezterm.lua"
    }
  }
}
[22:03:52.215][warn] [#0:script/proto/proto.lua:189]: Method [textDocument/inlayHint] takes [1.722]sec. {
  id = 11,
  jsonrpc = "2.0",
  method = "textDocument/inlayHint",
  params = {
    range = {
      end = {
        character = 0,
        line = 31
      },
      start = {
        character = 0,
        line = 0
      }
    },
    textDocument = {
      uri = "file:///mnt/c/Users/vishw/.config/wezterm/wezterm.lua"
    }
  }
}
[22:03:52.216][warn] [#0:script/proto/proto.lua:189]: Method [textDocument/inlayHint] takes [1.723]sec. {
  id = 13,
  jsonrpc = "2.0",
  method = "textDocument/inlayHint",
  params = {
    range = {
      end = {
        character = 0,
        line = 31
      },
      start = {
        character = 0,
        line = 0
      }
    },
    textDocument = {
      uri = "file:///mnt/c/Users/vishw/.config/wezterm/wezterm.lua"
    }
  }
}
[22:03:52.216][warn] [#0:script/proto/proto.lua:189]: Method [textDocument/inlayHint] takes [1.723]sec. {
  id = 15,
  jsonrpc = "2.0",
  method = "textDocument/inlayHint",
  params = {
    range = {
      end = {
        character = 0,
        line = 31
      },
      start = {
        character = 0,
        line = 0
      }
    },
    textDocument = {
      uri = "file:///mnt/c/Users/vishw/.config/wezterm/wezterm.lua"
    }
  }
}
[22:03:52.216][warn] [#0:script/proto/proto.lua:189]: Method [textDocument/inlayHint] takes [1.723]sec. {
  id = 17,
  jsonrpc = "2.0",
  method = "textDocument/inlayHint",
  params = {
    range = {
      end = {
        character = 0,
        line = 31
      },
      start = {
        character = 0,
        line = 0
      }
    },
    textDocument = {
      uri = "file:///mnt/c/Users/vishw/.config/wezterm/wezterm.lua"
    }
  }
}
[22:03:52.226][warn] [#0:script/proto/proto.lua:189]: Method [textDocument/documentSymbol] takes [1.766]sec. {
  id = 5,
  jsonrpc = "2.0",
  method = "textDocument/documentSymbol",
  params = {
    textDocument = {
      uri = "file:///mnt/c/Users/vishw/.config/wezterm/wezterm.lua"
    }
  }
}
[22:03:52.273][info] [#0:script/provider/diagnostic.lua:577]: Diagnostics scope [file:///mnt/c/Users/vishw/.config] finished, takes [0.030] sec.
[22:07:03.767][info] [#0:script/provider/diagnostic.lua:171]: clearDiagnostics	file:///mnt/c/Users/vishw/.config/wezterm/wezterm.lua
[22:07:11.190][warn] [#0:script/pub/report.lua:24]: Load proto error:	Disconnected!
